sqlite/build/intermediates/manifest_merge_blame_file/debug/manifest-merger-blame-debug-report.txt
1<?xml version="1.0" encoding="utf-8"?>
2<manifest xmlns:android="http://schemas.android.com/apk/res/android"
3    xmlns:droid="http://schemas.android.com/apk/distribution"
4    package="com.pisto.sqlite"
5    android:versionCode="1"
6    android:versionName="1.0" >
7
8    <uses-sdk
9        android:minSdkVersion="21"
9-->src\main\AndroidManifest.xml
10        android:targetSdkVersion="32" />
10-->src\main\AndroidManifest.xml
11
12    <application
12-->src\main\AndroidManifest.xml:7:5-36:19
13        android:name="com.pisto.sqlite.App"
13-->src\main\AndroidManifest.xml:8:9-28
14        android:allowBackup="true"
14-->src\main\AndroidManifest.xml:9:9-35
15        android:appComponentFactory="androidx.core.app.CoreComponentFactory"
15-->[androidx.core:core:1.7.0] AndroidManifest.xml:24:18-86
16        android:debuggable="true"
17        android:icon="@mipmap/ic_launcher"
17-->src\main\AndroidManifest.xml:10:9-43
18        android:label="@string/app_name"
18-->src\main\AndroidManifest.xml:11:9-41
19        android:roundIcon="@mipmap/ic_launcher_round"
19-->src\main\AndroidManifest.xml:12:9-54
20        android:supportsRtl="true"
20-->src\main\AndroidManifest.xml:13:9-35
21        android:testOnly="true"
22        android:theme="@style/Theme.Best_code" >
22-->src\main\AndroidManifest.xml:14:9-47
23        <activity
23-->src\main\AndroidManifest.xml:15:9-25:20
24            android:name="com.pisto.sqlite.ui.MainActivity"
24-->src\main\AndroidManifest.xml:16:13-44
25            android:exported="true"
25-->src\main\AndroidManifest.xml:17:13-36
26            android:screenOrientation="portrait" >
26-->src\main\AndroidManifest.xml:18:13-49
27            <intent-filter>
27-->src\main\AndroidManifest.xml:20:13-24:29
28                <action android:name="android.intent.action.MAIN" />
28-->src\main\AndroidManifest.xml:21:17-69
28-->src\main\AndroidManifest.xml:21:25-66
29
30                <category android:name="android.intent.category.LAUNCHER" />
30-->src\main\AndroidManifest.xml:23:17-77
30-->src\main\AndroidManifest.xml:23:27-74
31            </intent-filter>
32        </activity>
33        <activity
33-->src\main\AndroidManifest.xml:27:9-30:56
34            android:name="com.pisto.sqlite.ui.StudentInfoOpActivity"
34-->src\main\AndroidManifest.xml:28:13-53
35            android:screenOrientation="portrait" />
35-->src\main\AndroidManifest.xml:29:13-49
36        <activity
36-->src\main\AndroidManifest.xml:32:9-35:56
37            android:name="com.pisto.sqlite.ui.StudentInfoEditActivity"
37-->src\main\AndroidManifest.xml:33:13-55
38            droid:screenOrientation="portrait" />
38-->src\main\AndroidManifest.xml:34:13-47
39    </application>
40
41</manifest>